000000 INFO S0 start to service
000001 TIMR S0 start the voteTimer
000000 INFO S1 start to service
000000 TIMR S1 start the voteTimer
000000 INFO S2 start to service
Test (2A): initial election ...
000000 TIMR S2 start the voteTimer
001243 TIMR S1 voteTimer Time out
001243 ERRO S1 broadcast the vote &{1 1 0 0}
001244 VOTE S1 recive a vote Event
001246 INFO S2 receive a Vote Request from 1, vote for it
001246 INFO S0 receive a Vote Request from 1, vote for it
001247 VOTE S1 recive a vote Event
001247 INFO S1 become a leader
001247 TIMR S1 send ticker to maintain the leader
002257 TIMR S1 send ticker to maintain the leader
002520 TIMR S1 start the voteTimer
003262 TIMR S1 send ticker to maintain the leader
004269 TIMR S1 send ticker to maintain the leader
005277 TIMR S1 send ticker to maintain the leader
006282 TIMR S1 send ticker to maintain the leader
007287 TIMR S1 send ticker to maintain the leader
008293 TIMR S1 send ticker to maintain the leader
009299 TIMR S1 send ticker to maintain the leader
010304 TIMR S1 send ticker to maintain the leader
011311 TIMR S1 send ticker to maintain the leader
012319 TIMR S1 send ticker to maintain the leader
013324 TIMR S1 send ticker to maintain the leader
014330 TIMR S1 send ticker to maintain the leader
015336 TIMR S1 send ticker to maintain the leader
016342 TIMR S1 send ticker to maintain the leader
017347 TIMR S1 send ticker to maintain the leader
018352 TIMR S1 send ticker to maintain the leader
019357 TIMR S1 send ticker to maintain the leader
020363 TIMR S1 send ticker to maintain the leader
021368 TIMR S1 send ticker to maintain the leader
022374 TIMR S1 send ticker to maintain the leader
023385 TIMR S1 send ticker to maintain the leader
024391 TIMR S1 send ticker to maintain the leader
025397 TIMR S1 send ticker to maintain the leader
026406 TIMR S1 send ticker to maintain the leader
027411 TIMR S1 send ticker to maintain the leader
028416 TIMR S1 send ticker to maintain the leader
029423 TIMR S1 send ticker to maintain the leader
030429 TIMR S1 send ticker to maintain the leader
  ... Passed --   3.1  3   62    4458    0
000000 INFO S0 start to service
000000 INFO S1 start to service
000000 INFO S2 start to service
Test (2A): election after network failure ...
000000 TIMR S0 start the voteTimer
000000 TIMR S1 start the voteTimer
000000 TIMR S2 start the voteTimer
000815 TIMR S2 voteTimer Time out
000816 ERRO S2 broadcast the vote &{1 2 0 0}
000816 VOTE S2 recive a vote Event
000817 INFO S1 receive a Vote Request from 2, vote for it
000818 INFO S0 receive a Vote Request from 2, vote for it
000818 VOTE S2 recive a vote Event
000818 INFO S2 become a leader
000818 TIMR S2 send ticker to maintain the leader
001821 TIMR S2 send ticker to maintain the leader
002455 TIMR S2 start the voteTimer
002828 TIMR S2 send ticker to maintain the leader
003833 TIMR S2 send ticker to maintain the leader
004838 TIMR S2 send ticker to maintain the leader
005844 TIMR S2 send ticker to maintain the leader
006849 TIMR S2 send ticker to maintain the leader
007853 TIMR S2 send ticker to maintain the leader
008859 TIMR S2 send ticker to maintain the leader
009283 TIMR S0 voteTimer Time out
009284 ERRO S0 broadcast the vote &{2 0 0 0}
009284 TIMR S2 voteTimer Time out
009284 ERRO S0 send request vote to 2 failed
009284 ERRO S2 broadcast the vote &{2 2 0 0}
009285 ERRO S2 send request vote to 1 failed
009285 ERRO S2 send request vote to 0 failed
009286 ERRO S0 send request vote to 1 failed
009868 TIMR S2 send ticker to maintain the leader
010875 TIMR S2 send ticker to maintain the leader
011880 TIMR S2 send ticker to maintain the leader
012324 ERRO S2 send request vote to 0 failed
012389 ERRO S2 send request vote to 0 failed
012884 TIMR S2 send ticker to maintain the leader
013889 TIMR S2 send ticker to maintain the leader
014842 TIMR S0 voteTimer Time out
014843 ERRO S0 broadcast the vote &{2 0 0 0}
014843 VOTE S0 recive a vote Event
014844 TIMR S1 voteTimer Time out
014844 ERRO S1 broadcast the vote &{2 1 0 0}
014844 VOTE S1 recive a vote Event
014845 INFO S1 receive a Vote Request from 0,but have reject it
014846 INFO S0 receive a Vote Request from 1,but have reject it
014846 VOTE S0 recive a vote Event
014847 INFO S0 become a leader
014847 TIMR S0 send ticker to maintain the leader
014847 VOTE S1 recive a vote Event
014847 INFO S1 become a leader
014847 TIMR S1 send ticker to maintain the leader
014899 TIMR S2 send ticker to maintain the leader
015852 TIMR S1 send ticker to maintain the leader
015853 TIMR S0 send ticker to maintain the leader
015906 TIMR S2 send ticker to maintain the leader
016129 TIMR S0 start the voteTimer
--- FAIL: TestReElection2A (1.62s)
    config.go:443: term 2 has 2 (>1) leaders
000000 INFO S0 start to service
000000 INFO S1 start to service
000000 INFO S2 start to service
000000 TIMR S0 start the voteTimer
000000 TIMR S2 start the voteTimer
000000 INFO S3 start to service
000000 TIMR S1 start the voteTimer
000000 INFO S4 start to service
000000 TIMR S3 start the voteTimer
000000 TIMR S4 start the voteTimer
000000 INFO S5 start to service
000000 TIMR S5 start the voteTimer
000000 INFO S6 start to service
Test (2A): multiple elections ...
000000 TIMR S6 start the voteTimer
000090 ERRO S2 send request vote to 0 failed
000841 TIMR S6 voteTimer Time out
000841 ERRO S6 broadcast the vote &{1 6 0 0}
000841 VOTE S6 recive a vote Event
000842 INFO S5 receive a Vote Request from 6, vote for it
000843 VOTE S6 recive a vote Event
000843 INFO S0 receive a Vote Request from 6, vote for it
000844 VOTE S6 recive a vote Event
000844 INFO S1 receive a Vote Request from 6, vote for it
000844 VOTE S6 recive a vote Event
000844 INFO S6 become a leader
000845 TIMR S6 send ticker to maintain the leader
000847 INFO S3 receive a Vote Request from 6, vote for it
000847 INFO S4 receive a Vote Request from 6, vote for it
000847 INFO S2 receive a Vote Request from 6, vote for it
001751 TIMR S6 start the voteTimer
001853 TIMR S6 send ticker to maintain the leader
002861 TIMR S6 send ticker to maintain the leader
003872 TIMR S6 send ticker to maintain the leader
003974 ERRO S2 send request vote to 1 failed
004166 ERRO S2 send request vote to 0 failed
004879 TIMR S6 send ticker to maintain the leader
005886 TIMR S6 send ticker to maintain the leader
006890 TIMR S6 send ticker to maintain the leader
007894 TIMR S6 send ticker to maintain the leader
008898 TIMR S6 send ticker to maintain the leader
009530 ERRO S2 send request vote to 1 failed
009910 TIMR S6 send ticker to maintain the leader
010435 ERRO S2 send request vote to 0 failed
010917 TIMR S6 send ticker to maintain the leader
011922 TIMR S6 send ticker to maintain the leader
012927 TIMR S6 send ticker to maintain the leader
013932 TIMR S6 send ticker to maintain the leader
014485 ERRO S2 send request vote to 0 failed
014883 TIMR S1 voteTimer Time out
014883 ERRO S1 broadcast the vote &{2 1 0 0}
014884 TIMR S3 voteTimer Time out
014884 ERRO S3 broadcast the vote &{2 3 0 0}
014884 VOTE S3 recive a vote Event
014884 TIMR S5 voteTimer Time out
014884 TIMR S4 voteTimer Time out
014884 ERRO S4 broadcast the vote &{2 4 0 0}
014884 VOTE S4 recive a vote Event
014885 TIMR S0 voteTimer Time out
014884 ERRO S5 broadcast the vote &{2 5 0 0}
014885 ERRO S0 broadcast the vote &{2 0 0 0}
014885 VOTE S5 recive a vote Event
014885 VOTE S0 recive a vote Event
014884 TIMR S2 voteTimer Time out
014885 ERRO S2 broadcast the vote &{2 2 0 0}
014885 VOTE S2 recive a vote Event
014885 INFO S4 receive a Vote Request from 1,but have reject it
014885 INFO S1 receive a Vote Request from 4,but have reject it
014886 INFO S0 receive a Vote Request from 5,but have reject it
014886 INFO S5 receive a Vote Request from 1,but have reject it
014886 INFO S1 receive a Vote Request from 5,but have reject it
014886 INFO S5 receive a Vote Request from 4,but have reject it
014886 VOTE S4 recive a vote Event
014886 VOTE S5 recive a vote Event
014887 VOTE S5 recive a vote Event
014887 VOTE S4 recive a vote Event
014887 INFO S0 receive a Vote Request from 1,but have reject it
014887 INFO S1 receive a Vote Request from 0,but have reject it
014884 VOTE S1 recive a vote Event
014887 VOTE S1 recive a vote Event
014887 INFO S4 receive a Vote Request from 5,but have reject it
014888 VOTE S1 recive a vote Event
014888 VOTE S1 recive a vote Event
014888 INFO S1 become a leader
014888 TIMR S1 send ticker to maintain the leader
014887 VOTE S0 recive a vote Event
014888 VOTE S5 recive a vote Event
014888 INFO S5 become a leader
014888 TIMR S5 send ticker to maintain the leader
014888 INFO S5 receive a Vote Request from 0,but have reject it
014888 INFO S0 receive a Vote Request from 4,but have reject it
014888 VOTE S0 recive a vote Event
014888 VOTE S4 recive a vote Event
014889 INFO S4 become a leader
014889 TIMR S4 send ticker to maintain the leader
014889 INFO S4 receive a Vote Request from 0,but have reject it
014889 VOTE S0 recive a vote Event
014889 INFO S0 become a leader
014889 TIMR S0 send ticker to maintain the leader
014914 ERRO S6 send request vote to 1 failed
014935 TIMR S6 send ticker to maintain the leader
--- FAIL: TestManyElections2A (1.52s)
    config.go:443: term 2 has 4 (>1) leaders
FAIL
exit status 1
FAIL	6.5840/raft	6.255s
